2020-04-07 14:46:05.065 [main] INFO  com.gaolei.crawler.CrawlerApplication - Starting CrawlerApplication on GAOLEI-COMPUTER with PID 15760 (D:\Coding\JavaProgram\gaolei-epwho-crawler\target\classes started by 17631 in D:\Coding\JavaProgram\gaolei-epwho-crawler)
2020-04-07 14:46:05.067 [main] INFO  com.gaolei.crawler.CrawlerApplication - No active profile set, falling back to default profiles: default
2020-04-07 14:46:06.412 [main] INFO  o.s.d.r.config.RepositoryConfigurationDelegate - Bootstrapping Spring Data repositories in DEFAULT mode.
2020-04-07 14:46:06.553 [main] INFO  o.s.d.r.config.RepositoryConfigurationDelegate - Finished Spring Data repository scanning in 128ms. Found 9 repository interfaces.
2020-04-07 14:46:06.903 [main] INFO  o.s.c.s.PostProcessorRegistrationDelegate$BeanPostProcessorChecker - Bean 'org.springframework.transaction.annotation.ProxyTransactionManagementConfiguration' of type [org.springframework.transaction.annotation.ProxyTransactionManagementConfiguration$$EnhancerBySpringCGLIB$$7ab8d897] is not eligible for getting processed by all BeanPostProcessors (for example: not eligible for auto-proxying)
2020-04-07 14:46:07.324 [main] INFO  o.s.boot.web.embedded.tomcat.TomcatWebServer - Tomcat initialized with port(s): 8080 (http)
2020-04-07 14:46:07.337 [main] INFO  org.apache.coyote.http11.Http11NioProtocol - Initializing ProtocolHandler ["http-nio-8080"]
2020-04-07 14:46:07.343 [main] INFO  org.apache.catalina.core.StandardService - Starting service [Tomcat]
2020-04-07 14:46:07.344 [main] INFO  org.apache.catalina.core.StandardEngine - Starting Servlet engine: [Apache Tomcat/9.0.17]
2020-04-07 14:46:07.479 [main] INFO  o.a.c.core.ContainerBase.[Tomcat].[localhost].[/] - Initializing Spring embedded WebApplicationContext
2020-04-07 14:46:07.479 [main] INFO  org.springframework.web.context.ContextLoader - Root WebApplicationContext: initialization completed in 2376 ms
2020-04-07 14:46:07.740 [main] INFO  com.alibaba.druid.pool.DruidDataSource - {dataSource-1} inited
2020-04-07 14:46:07.993 [main] INFO  org.hibernate.jpa.internal.util.LogHelper - HHH000204: Processing PersistenceUnitInfo [
	name: default
	...]
2020-04-07 14:46:08.070 [main] INFO  org.hibernate.Version - HHH000412: Hibernate Core {5.3.9.Final}
2020-04-07 14:46:08.072 [main] INFO  org.hibernate.cfg.Environment - HHH000206: hibernate.properties not found
2020-04-07 14:46:08.224 [main] INFO  org.hibernate.annotations.common.Version - HCANN000001: Hibernate Commons Annotations {5.0.4.Final}
2020-04-07 14:46:08.410 [main] INFO  org.hibernate.dialect.Dialect - HHH000400: Using dialect: org.hibernate.dialect.MySQL5Dialect
2020-04-07 14:46:09.006 [main] INFO  o.s.orm.jpa.LocalContainerEntityManagerFactoryBean - Initialized JPA EntityManagerFactory for persistence unit 'default'
2020-04-07 14:46:09.285 [main] INFO  o.h.hql.internal.QueryTranslatorFactoryInitiator - HHH000397: Using ASTQueryTranslatorFactory
2020-04-07 14:46:09.661 [main] INFO  o.s.scheduling.concurrent.ThreadPoolTaskExecutor - Initializing ExecutorService 'applicationTaskExecutor'
2020-04-07 14:46:09.687 [main] WARN  o.s.b.a.o.j.JpaBaseConfiguration$JpaWebConfiguration$JpaWebMvcConfiguration - spring.jpa.open-in-view is enabled by default. Therefore, database queries may be performed during view rendering. Explicitly configure spring.jpa.open-in-view to disable this warning
2020-04-07 14:46:09.790 [main] INFO  o.s.scheduling.concurrent.ThreadPoolTaskScheduler - Initializing ExecutorService 'taskScheduler'
2020-04-07 14:46:09.827 [main] INFO  org.apache.coyote.http11.Http11NioProtocol - Starting ProtocolHandler ["http-nio-8080"]
2020-04-07 14:46:09.848 [main] INFO  o.s.boot.web.embedded.tomcat.TomcatWebServer - Tomcat started on port(s): 8080 (http) with context path ''
2020-04-07 14:46:09.849 [main] INFO  com.gaolei.crawler.CrawlerApplication - Started CrawlerApplication in 5.08 seconds (JVM running for 6.004)
2020-04-07 14:46:10.828 [scheduling-1] ERROR o.s.s.support.TaskUtils$LoggingErrorHandler - Unexpected error occurred in scheduled task.
java.io.FileNotFoundException: C:\Users\17631\Desktop\company_list.txt (系统找不到指定的文件。)
	at java.io.FileInputStream.open(Native Method)
	at java.io.FileInputStream.<init>(FileInputStream.java:138)
	at java.io.FileReader.<init>(FileReader.java:72)
	at com.gaolei.crawler.task.CompanyProcessor.process(CompanyProcessor.java:166)
	at sun.reflect.NativeMethodAccessorImpl.invoke0(Native Method)
	at sun.reflect.NativeMethodAccessorImpl.invoke(NativeMethodAccessorImpl.java:62)
	at sun.reflect.DelegatingMethodAccessorImpl.invoke(DelegatingMethodAccessorImpl.java:43)
	at java.lang.reflect.Method.invoke(Method.java:483)
	at org.springframework.scheduling.support.ScheduledMethodRunnable.run(ScheduledMethodRunnable.java:84)
	at org.springframework.scheduling.support.DelegatingErrorHandlingRunnable.run(DelegatingErrorHandlingRunnable.java:54)
	at java.util.concurrent.Executors$RunnableAdapter.call(Executors.java:511)
	at java.util.concurrent.FutureTask.runAndReset(FutureTask.java:308)
	at java.util.concurrent.ScheduledThreadPoolExecutor$ScheduledFutureTask.access$301(ScheduledThreadPoolExecutor.java:180)
	at java.util.concurrent.ScheduledThreadPoolExecutor$ScheduledFutureTask.run(ScheduledThreadPoolExecutor.java:294)
	at java.util.concurrent.ThreadPoolExecutor.runWorker(ThreadPoolExecutor.java:1142)
	at java.util.concurrent.ThreadPoolExecutor$Worker.run(ThreadPoolExecutor.java:617)
	at java.lang.Thread.run(Thread.java:745)
2020-04-07 14:46:48.337 [main] INFO  com.gaolei.crawler.CrawlerApplication - Starting CrawlerApplication on GAOLEI-COMPUTER with PID 10932 (D:\Coding\JavaProgram\gaolei-epwho-crawler\target\classes started by 17631 in D:\Coding\JavaProgram\gaolei-epwho-crawler)
2020-04-07 14:46:48.340 [main] INFO  com.gaolei.crawler.CrawlerApplication - No active profile set, falling back to default profiles: default
2020-04-07 14:46:48.802 [main] INFO  o.s.d.r.config.RepositoryConfigurationDelegate - Bootstrapping Spring Data repositories in DEFAULT mode.
2020-04-07 14:46:48.871 [main] INFO  o.s.d.r.config.RepositoryConfigurationDelegate - Finished Spring Data repository scanning in 63ms. Found 9 repository interfaces.
2020-04-07 14:46:49.071 [main] INFO  o.s.c.s.PostProcessorRegistrationDelegate$BeanPostProcessorChecker - Bean 'org.springframework.transaction.annotation.ProxyTransactionManagementConfiguration' of type [org.springframework.transaction.annotation.ProxyTransactionManagementConfiguration$$EnhancerBySpringCGLIB$$59017baf] is not eligible for getting processed by all BeanPostProcessors (for example: not eligible for auto-proxying)
2020-04-07 14:46:49.258 [main] INFO  o.s.boot.web.embedded.tomcat.TomcatWebServer - Tomcat initialized with port(s): 8080 (http)
2020-04-07 14:46:49.267 [main] INFO  org.apache.coyote.http11.Http11NioProtocol - Initializing ProtocolHandler ["http-nio-8080"]
2020-04-07 14:46:49.273 [main] INFO  org.apache.catalina.core.StandardService - Starting service [Tomcat]
2020-04-07 14:46:49.274 [main] INFO  org.apache.catalina.core.StandardEngine - Starting Servlet engine: [Apache Tomcat/9.0.17]
2020-04-07 14:46:49.374 [main] INFO  o.a.c.core.ContainerBase.[Tomcat].[localhost].[/] - Initializing Spring embedded WebApplicationContext
2020-04-07 14:46:49.374 [main] INFO  org.springframework.web.context.ContextLoader - Root WebApplicationContext: initialization completed in 1007 ms
2020-04-07 14:46:49.527 [main] INFO  com.alibaba.druid.pool.DruidDataSource - {dataSource-1} inited
2020-04-07 14:46:49.658 [main] INFO  org.hibernate.jpa.internal.util.LogHelper - HHH000204: Processing PersistenceUnitInfo [
	name: default
	...]
2020-04-07 14:46:49.696 [main] INFO  org.hibernate.Version - HHH000412: Hibernate Core {5.3.9.Final}
2020-04-07 14:46:49.697 [main] INFO  org.hibernate.cfg.Environment - HHH000206: hibernate.properties not found
2020-04-07 14:46:49.780 [main] INFO  org.hibernate.annotations.common.Version - HCANN000001: Hibernate Commons Annotations {5.0.4.Final}
2020-04-07 14:46:49.868 [main] INFO  org.hibernate.dialect.Dialect - HHH000400: Using dialect: org.hibernate.dialect.MySQL5Dialect
2020-04-07 14:46:50.342 [main] INFO  o.s.orm.jpa.LocalContainerEntityManagerFactoryBean - Initialized JPA EntityManagerFactory for persistence unit 'default'
2020-04-07 14:46:50.590 [main] INFO  o.h.hql.internal.QueryTranslatorFactoryInitiator - HHH000397: Using ASTQueryTranslatorFactory
2020-04-07 14:46:50.903 [main] INFO  o.s.scheduling.concurrent.ThreadPoolTaskExecutor - Initializing ExecutorService 'applicationTaskExecutor'
2020-04-07 14:46:50.926 [main] WARN  o.s.b.a.o.j.JpaBaseConfiguration$JpaWebConfiguration$JpaWebMvcConfiguration - spring.jpa.open-in-view is enabled by default. Therefore, database queries may be performed during view rendering. Explicitly configure spring.jpa.open-in-view to disable this warning
2020-04-07 14:46:51.021 [main] INFO  o.s.scheduling.concurrent.ThreadPoolTaskScheduler - Initializing ExecutorService 'taskScheduler'
2020-04-07 14:46:51.060 [main] INFO  org.apache.coyote.http11.Http11NioProtocol - Starting ProtocolHandler ["http-nio-8080"]
2020-04-07 14:46:51.077 [main] INFO  o.s.boot.web.embedded.tomcat.TomcatWebServer - Tomcat started on port(s): 8080 (http) with context path ''
2020-04-07 14:46:51.078 [main] INFO  com.gaolei.crawler.CrawlerApplication - Started CrawlerApplication in 2.963 seconds (JVM running for 3.785)
2020-04-07 14:46:52.294 [scheduling-1] INFO  us.codecraft.webmagic.Spider - Spider shuidi.cn started!
2020-04-07 14:46:53.001 [pool-1-thread-1] INFO  u.c.webmagic.downloader.HttpClientDownloader - downloading page success https://shuidi.cn/b-search?key=%E4%B8%8A%E6%B5%B7%E5%A4%AA%E5%A4%AA%E4%B9%90%E9%A3%9F%E5%93%81%E6%9C%89%E9%99%90%E5%85%AC%E5%8F%B8
2020-04-07 14:47:03.569 [pool-1-thread-1] INFO  u.c.webmagic.downloader.HttpClientDownloader - downloading page success https://shuidi.cn/company-31163c33ac8a0085d1990f2fc0b1fc70.html?from_search=1
2020-04-07 14:47:13.651 [pool-1-thread-1] WARN  org.hibernate.engine.jdbc.spi.SqlExceptionHelper - SQL Error: 1406, SQLState: 22001
2020-04-07 14:47:13.651 [pool-1-thread-1] ERROR org.hibernate.engine.jdbc.spi.SqlExceptionHelper - Data truncation: Data too long for column 'company_used_name' at row 1
2020-04-07 14:47:13.661 [pool-1-thread-1] ERROR us.codecraft.webmagic.Spider - process request Request{url='https://shuidi.cn/company-31163c33ac8a0085d1990f2fc0b1fc70.html?from_search=1', method='null', extras=null, priority=0, headers={}, cookies={}} error
org.springframework.dao.DataIntegrityViolationException: could not execute statement; SQL [n/a]; nested exception is org.hibernate.exception.DataException: could not execute statement
	at org.springframework.orm.jpa.vendor.HibernateJpaDialect.convertHibernateAccessException(HibernateJpaDialect.java:300)
	at org.springframework.orm.jpa.vendor.HibernateJpaDialect.translateExceptionIfPossible(HibernateJpaDialect.java:253)
	at org.springframework.orm.jpa.AbstractEntityManagerFactoryBean.translateExceptionIfPossible(AbstractEntityManagerFactoryBean.java:527)
	at org.springframework.dao.support.ChainedPersistenceExceptionTranslator.translateExceptionIfPossible(ChainedPersistenceExceptionTranslator.java:61)
	at org.springframework.dao.support.DataAccessUtils.translateIfNecessary(DataAccessUtils.java:242)
	at org.springframework.dao.support.PersistenceExceptionTranslationInterceptor.invoke(PersistenceExceptionTranslationInterceptor.java:153)
	at org.springframework.aop.framework.ReflectiveMethodInvocation.proceed(ReflectiveMethodInvocation.java:186)
	at org.springframework.data.jpa.repository.support.CrudMethodMetadataPostProcessor$CrudMethodMetadataPopulatingMethodInterceptor.invoke(CrudMethodMetadataPostProcessor.java:138)
	at org.springframework.aop.framework.ReflectiveMethodInvocation.proceed(ReflectiveMethodInvocation.java:186)
	at org.springframework.aop.interceptor.ExposeInvocationInterceptor.invoke(ExposeInvocationInterceptor.java:93)
	at org.springframework.aop.framework.ReflectiveMethodInvocation.proceed(ReflectiveMethodInvocation.java:186)
	at org.springframework.data.repository.core.support.SurroundingTransactionDetectorMethodInterceptor.invoke(SurroundingTransactionDetectorMethodInterceptor.java:61)
	at org.springframework.aop.framework.ReflectiveMethodInvocation.proceed(ReflectiveMethodInvocation.java:186)
	at org.springframework.aop.framework.JdkDynamicAopProxy.invoke(JdkDynamicAopProxy.java:212)
	at com.sun.proxy.$Proxy84.saveAndFlush(Unknown Source)
	at com.gaolei.crawler.service.impl.CompanyServiceImpl.addOneCompany(CompanyServiceImpl.java:28)
	at com.gaolei.crawler.pipeline.CompanyPipeline.process(CompanyPipeline.java:25)
	at us.codecraft.webmagic.Spider.onDownloadSuccess(Spider.java:418)
	at us.codecraft.webmagic.Spider.processRequest(Spider.java:406)
	at us.codecraft.webmagic.Spider.access$000(Spider.java:61)
	at us.codecraft.webmagic.Spider$1.run(Spider.java:320)
	at us.codecraft.webmagic.thread.CountableThreadPool$1.run(CountableThreadPool.java:74)
	at java.util.concurrent.ThreadPoolExecutor.runWorker(ThreadPoolExecutor.java:1142)
	at java.util.concurrent.ThreadPoolExecutor$Worker.run(ThreadPoolExecutor.java:617)
	at java.lang.Thread.run(Thread.java:745)
Caused by: org.hibernate.exception.DataException: could not execute statement
	at org.hibernate.exception.internal.SQLExceptionTypeDelegate.convert(SQLExceptionTypeDelegate.java:52)
	at org.hibernate.exception.internal.StandardSQLExceptionConverter.convert(StandardSQLExceptionConverter.java:42)
	at org.hibernate.engine.jdbc.spi.SqlExceptionHelper.convert(SqlExceptionHelper.java:113)
	at org.hibernate.engine.jdbc.spi.SqlExceptionHelper.convert(SqlExceptionHelper.java:99)
	at org.hibernate.engine.jdbc.internal.ResultSetReturnImpl.executeUpdate(ResultSetReturnImpl.java:178)
	at org.hibernate.persister.entity.AbstractEntityPersister.insert(AbstractEntityPersister.java:3174)
	at org.hibernate.persister.entity.AbstractEntityPersister.insert(AbstractEntityPersister.java:3688)
	at org.hibernate.action.internal.EntityInsertAction.execute(EntityInsertAction.java:90)
	at org.hibernate.engine.spi.ActionQueue.executeActions(ActionQueue.java:604)
	at org.hibernate.engine.spi.ActionQueue.executeActions(ActionQueue.java:478)
	at org.hibernate.event.internal.AbstractFlushingEventListener.performExecutions(AbstractFlushingEventListener.java:356)
	at org.hibernate.event.internal.DefaultFlushEventListener.onFlush(DefaultFlushEventListener.java:39)
	at org.hibernate.internal.SessionImpl.doFlush(SessionImpl.java:1453)
	at org.hibernate.internal.SessionImpl.flush(SessionImpl.java:1439)
	at sun.reflect.NativeMethodAccessorImpl.invoke0(Native Method)
	at sun.reflect.NativeMethodAccessorImpl.invoke(NativeMethodAccessorImpl.java:62)
	at sun.reflect.DelegatingMethodAccessorImpl.invoke(DelegatingMethodAccessorImpl.java:43)
	at java.lang.reflect.Method.invoke(Method.java:483)
	at org.springframework.orm.jpa.SharedEntityManagerCreator$SharedEntityManagerInvocationHandler.invoke(SharedEntityManagerCreator.java:308)
	at com.sun.proxy.$Proxy82.flush(Unknown Source)
	at org.springframework.data.jpa.repository.support.SimpleJpaRepository.flush(SimpleJpaRepository.java:533)
	at org.springframework.data.jpa.repository.support.SimpleJpaRepository.saveAndFlush(SimpleJpaRepository.java:504)
	at sun.reflect.NativeMethodAccessorImpl.invoke0(Native Method)
	at sun.reflect.NativeMethodAccessorImpl.invoke(NativeMethodAccessorImpl.java:62)
	at sun.reflect.DelegatingMethodAccessorImpl.invoke(DelegatingMethodAccessorImpl.java:43)
	at java.lang.reflect.Method.invoke(Method.java:483)
	at org.springframework.data.repository.core.support.RepositoryComposition$RepositoryFragments.invoke(RepositoryComposition.java:359)
	at org.springframework.data.repository.core.support.RepositoryComposition.invoke(RepositoryComposition.java:200)
	at org.springframework.data.repository.core.support.RepositoryFactorySupport$ImplementationMethodExecutionInterceptor.invoke(RepositoryFactorySupport.java:644)
	at org.springframework.aop.framework.ReflectiveMethodInvocation.proceed(ReflectiveMethodInvocation.java:186)
	at org.springframework.data.repository.core.support.RepositoryFactorySupport$QueryExecutorMethodInterceptor.doInvoke(RepositoryFactorySupport.java:608)
	at org.springframework.data.repository.core.support.RepositoryFactorySupport$QueryExecutorMethodInterceptor.lambda$invoke$3(RepositoryFactorySupport.java:595)
	at org.springframework.data.repository.core.support.RepositoryFactorySupport$QueryExecutorMethodInterceptor$$Lambda$717/734404881.get(Unknown Source)
	at org.springframework.data.repository.util.QueryExecutionConverters$$Lambda$716/2008111527.apply(Unknown Source)
	at org.springframework.data.repository.core.support.RepositoryFactorySupport$QueryExecutorMethodInterceptor.invoke(RepositoryFactorySupport.java:595)
	at org.springframework.aop.framework.ReflectiveMethodInvocation.proceed(ReflectiveMethodInvocation.java:186)
	at org.springframework.data.projection.DefaultMethodInvokingMethodInterceptor.invoke(DefaultMethodInvokingMethodInterceptor.java:59)
	at org.springframework.aop.framework.ReflectiveMethodInvocation.proceed(ReflectiveMethodInvocation.java:186)
	at org.springframework.transaction.interceptor.TransactionInterceptor$$Lambda$714/789091427.proceedWithInvocation(Unknown Source)
	at org.springframework.transaction.interceptor.TransactionAspectSupport.invokeWithinTransaction(TransactionAspectSupport.java:294)
	at org.springframework.transaction.interceptor.TransactionInterceptor.invoke(TransactionInterceptor.java:98)
	at org.springframework.aop.framework.ReflectiveMethodInvocation.proceed(ReflectiveMethodInvocation.java:186)
	at org.springframework.dao.support.PersistenceExceptionTranslationInterceptor.invoke(PersistenceExceptionTranslationInterceptor.java:139)
	... 19 common frames omitted
Caused by: com.mysql.cj.jdbc.exceptions.MysqlDataTruncation: Data truncation: Data too long for column 'company_used_name' at row 1
	at com.mysql.cj.jdbc.exceptions.SQLExceptionsMapping.translateException(SQLExceptionsMapping.java:104)
	at com.mysql.cj.jdbc.ClientPreparedStatement.executeInternal(ClientPreparedStatement.java:970)
	at com.mysql.cj.jdbc.ClientPreparedStatement.executeUpdateInternal(ClientPreparedStatement.java:1109)
	at com.mysql.cj.jdbc.ClientPreparedStatement.executeUpdateInternal(ClientPreparedStatement.java:1057)
	at com.mysql.cj.jdbc.ClientPreparedStatement.executeLargeUpdate(ClientPreparedStatement.java:1377)
	at com.mysql.cj.jdbc.ClientPreparedStatement.executeUpdate(ClientPreparedStatement.java:1042)
	at com.alibaba.druid.pool.DruidPooledPreparedStatement.executeUpdate(DruidPooledPreparedStatement.java:256)
	at org.hibernate.engine.jdbc.internal.ResultSetReturnImpl.executeUpdate(ResultSetReturnImpl.java:175)
	... 57 common frames omitted
2020-04-07 14:47:14.851 [pool-1-thread-1] INFO  u.c.webmagic.downloader.HttpClientDownloader - downloading page success https://shuidi.cn/b-search?key=%EF%BC%88%E4%B8%8A%E6%B5%B7%EF%BC%89%E6%9C%89%E9%99%90%E5%85%AC%E5%8F%B8
2020-04-07 14:54:25.964 [main] INFO  com.gaolei.crawler.CrawlerApplication - Starting CrawlerApplication on GAOLEI-COMPUTER with PID 15840 (D:\Coding\JavaProgram\gaolei-epwho-crawler\target\classes started by 17631 in D:\Coding\JavaProgram\gaolei-epwho-crawler)
2020-04-07 14:54:25.966 [main] INFO  com.gaolei.crawler.CrawlerApplication - No active profile set, falling back to default profiles: default
2020-04-07 14:54:26.704 [main] INFO  o.s.d.r.config.RepositoryConfigurationDelegate - Bootstrapping Spring Data repositories in DEFAULT mode.
2020-04-07 14:54:26.777 [main] INFO  o.s.d.r.config.RepositoryConfigurationDelegate - Finished Spring Data repository scanning in 66ms. Found 9 repository interfaces.
2020-04-07 14:54:26.995 [main] INFO  o.s.c.s.PostProcessorRegistrationDelegate$BeanPostProcessorChecker - Bean 'org.springframework.transaction.annotation.ProxyTransactionManagementConfiguration' of type [org.springframework.transaction.annotation.ProxyTransactionManagementConfiguration$$EnhancerBySpringCGLIB$$78eb6e21] is not eligible for getting processed by all BeanPostProcessors (for example: not eligible for auto-proxying)
2020-04-07 14:54:27.213 [main] INFO  o.s.boot.web.embedded.tomcat.TomcatWebServer - Tomcat initialized with port(s): 8080 (http)
2020-04-07 14:54:27.222 [main] INFO  org.apache.coyote.http11.Http11NioProtocol - Initializing ProtocolHandler ["http-nio-8080"]
2020-04-07 14:54:27.229 [main] INFO  org.apache.catalina.core.StandardService - Starting service [Tomcat]
2020-04-07 14:54:27.229 [main] INFO  org.apache.catalina.core.StandardEngine - Starting Servlet engine: [Apache Tomcat/9.0.17]
2020-04-07 14:54:27.339 [main] INFO  o.a.c.core.ContainerBase.[Tomcat].[localhost].[/] - Initializing Spring embedded WebApplicationContext
2020-04-07 14:54:27.340 [main] INFO  org.springframework.web.context.ContextLoader - Root WebApplicationContext: initialization completed in 1352 ms
2020-04-07 14:54:27.518 [main] INFO  com.alibaba.druid.pool.DruidDataSource - {dataSource-1} inited
2020-04-07 14:54:27.980 [main] INFO  org.hibernate.jpa.internal.util.LogHelper - HHH000204: Processing PersistenceUnitInfo [
	name: default
	...]
2020-04-07 14:54:28.019 [main] INFO  org.hibernate.Version - HHH000412: Hibernate Core {5.3.9.Final}
2020-04-07 14:54:28.020 [main] INFO  org.hibernate.cfg.Environment - HHH000206: hibernate.properties not found
2020-04-07 14:54:28.102 [main] INFO  org.hibernate.annotations.common.Version - HCANN000001: Hibernate Commons Annotations {5.0.4.Final}
2020-04-07 14:54:28.196 [main] INFO  org.hibernate.dialect.Dialect - HHH000400: Using dialect: org.hibernate.dialect.MySQL5Dialect
2020-04-07 14:54:28.686 [main] INFO  o.s.orm.jpa.LocalContainerEntityManagerFactoryBean - Initialized JPA EntityManagerFactory for persistence unit 'default'
2020-04-07 14:54:28.933 [main] INFO  o.h.hql.internal.QueryTranslatorFactoryInitiator - HHH000397: Using ASTQueryTranslatorFactory
2020-04-07 14:54:29.259 [main] INFO  o.s.scheduling.concurrent.ThreadPoolTaskExecutor - Initializing ExecutorService 'applicationTaskExecutor'
2020-04-07 14:54:29.282 [main] WARN  o.s.b.a.o.j.JpaBaseConfiguration$JpaWebConfiguration$JpaWebMvcConfiguration - spring.jpa.open-in-view is enabled by default. Therefore, database queries may be performed during view rendering. Explicitly configure spring.jpa.open-in-view to disable this warning
2020-04-07 14:54:29.364 [main] INFO  o.s.scheduling.concurrent.ThreadPoolTaskScheduler - Initializing ExecutorService 'taskScheduler'
2020-04-07 14:54:29.396 [main] INFO  org.apache.coyote.http11.Http11NioProtocol - Starting ProtocolHandler ["http-nio-8080"]
2020-04-07 14:54:29.413 [main] INFO  o.s.boot.web.embedded.tomcat.TomcatWebServer - Tomcat started on port(s): 8080 (http) with context path ''
2020-04-07 14:54:29.414 [main] INFO  com.gaolei.crawler.CrawlerApplication - Started CrawlerApplication in 3.671 seconds (JVM running for 4.474)
2020-04-07 14:54:30.664 [scheduling-1] INFO  us.codecraft.webmagic.Spider - Spider shuidi.cn started!
2020-04-07 14:54:31.303 [pool-1-thread-1] INFO  u.c.webmagic.downloader.HttpClientDownloader - downloading page success https://shuidi.cn/b-search?key=%E4%B8%8A%E6%B5%B7%E5%A4%AA%E5%A4%AA%E4%B9%90%E9%A3%9F%E5%93%81%E6%9C%89%E9%99%90%E5%85%AC%E5%8F%B8
2020-04-07 14:55:13.489 [pool-1-thread-1] INFO  u.c.webmagic.downloader.HttpClientDownloader - downloading page success https://shuidi.cn/company-31163c33ac8a0085d1990f2fc0b1fc70.html?from_search=1
2020-04-07 14:55:25.131 [pool-1-thread-1] INFO  u.c.webmagic.downloader.HttpClientDownloader - downloading page success https://shuidi.cn/b-search?key=%EF%BC%88%E4%B8%8A%E6%B5%B7%EF%BC%89%E6%9C%89%E9%99%90%E5%85%AC%E5%8F%B8
2020-04-07 14:55:35.249 [pool-1-thread-1] WARN  u.c.webmagic.downloader.HttpClientDownloader - download page https://shuidi.cnnull error
java.net.UnknownHostException: shuidi.cnnull
	at java.net.Inet6AddressImpl.lookupAllHostAddr(Native Method)
	at java.net.InetAddress$2.lookupAllHostAddr(InetAddress.java:907)
	at java.net.InetAddress.getAddressesFromNameService(InetAddress.java:1302)
	at java.net.InetAddress.getAllByName0(InetAddress.java:1255)
	at java.net.InetAddress.getAllByName(InetAddress.java:1171)
	at java.net.InetAddress.getAllByName(InetAddress.java:1105)
	at org.apache.http.impl.conn.SystemDefaultDnsResolver.resolve(SystemDefaultDnsResolver.java:45)
	at org.apache.http.impl.conn.DefaultHttpClientConnectionOperator.connect(DefaultHttpClientConnectionOperator.java:112)
	at org.apache.http.impl.conn.PoolingHttpClientConnectionManager.connect(PoolingHttpClientConnectionManager.java:374)
	at org.apache.http.impl.execchain.MainClientExec.establishRoute(MainClientExec.java:393)
	at org.apache.http.impl.execchain.MainClientExec.execute(MainClientExec.java:236)
	at org.apache.http.impl.execchain.ProtocolExec.execute(ProtocolExec.java:186)
	at org.apache.http.impl.execchain.RetryExec.execute(RetryExec.java:89)
	at org.apache.http.impl.execchain.RedirectExec.execute(RedirectExec.java:110)
	at org.apache.http.impl.client.InternalHttpClient.doExecute(InternalHttpClient.java:185)
	at org.apache.http.impl.client.CloseableHttpClient.execute(CloseableHttpClient.java:83)
	at us.codecraft.webmagic.downloader.HttpClientDownloader.download(HttpClientDownloader.java:85)
	at us.codecraft.webmagic.Spider.processRequest(Spider.java:404)
	at us.codecraft.webmagic.Spider.access$000(Spider.java:61)
	at us.codecraft.webmagic.Spider$1.run(Spider.java:320)
	at us.codecraft.webmagic.thread.CountableThreadPool$1.run(CountableThreadPool.java:74)
	at java.util.concurrent.ThreadPoolExecutor.runWorker(ThreadPoolExecutor.java:1142)
	at java.util.concurrent.ThreadPoolExecutor$Worker.run(ThreadPoolExecutor.java:617)
	at java.lang.Thread.run(Thread.java:745)
2020-04-07 14:55:35.255 [scheduling-1] INFO  us.codecraft.webmagic.Spider - Spider shuidi.cn closed! 4 pages downloaded.
