2020-03-12 11:14:02.393 [main] INFO  com.gaolei.crawler.CrawlerApplication - Starting CrawlerApplication on GAOLEI-COMPUTER with PID 11356 (D:\Coding\JavaProgram\gaolei-epwho-crawler\target\classes started by 17631 in D:\Coding\JavaProgram\gaolei-epwho-crawler)
2020-03-12 11:14:02.395 [main] INFO  com.gaolei.crawler.CrawlerApplication - No active profile set, falling back to default profiles: default
2020-03-12 11:14:03.060 [main] INFO  o.s.d.r.config.RepositoryConfigurationDelegate - Bootstrapping Spring Data repositories in DEFAULT mode.
2020-03-12 11:14:03.164 [main] INFO  o.s.d.r.config.RepositoryConfigurationDelegate - Finished Spring Data repository scanning in 91ms. Found 5 repository interfaces.
2020-03-12 11:14:03.428 [main] INFO  o.s.c.s.PostProcessorRegistrationDelegate$BeanPostProcessorChecker - Bean 'org.springframework.transaction.annotation.ProxyTransactionManagementConfiguration' of type [org.springframework.transaction.annotation.ProxyTransactionManagementConfiguration$$EnhancerBySpringCGLIB$$e967f329] is not eligible for getting processed by all BeanPostProcessors (for example: not eligible for auto-proxying)
2020-03-12 11:14:03.667 [main] INFO  o.s.boot.web.embedded.tomcat.TomcatWebServer - Tomcat initialized with port(s): 8080 (http)
2020-03-12 11:14:03.677 [main] INFO  org.apache.coyote.http11.Http11NioProtocol - Initializing ProtocolHandler ["http-nio-8080"]
2020-03-12 11:14:03.683 [main] INFO  org.apache.catalina.core.StandardService - Starting service [Tomcat]
2020-03-12 11:14:03.683 [main] INFO  org.apache.catalina.core.StandardEngine - Starting Servlet engine: [Apache Tomcat/9.0.17]
2020-03-12 11:14:03.773 [main] INFO  o.a.c.core.ContainerBase.[Tomcat].[localhost].[/] - Initializing Spring embedded WebApplicationContext
2020-03-12 11:14:03.773 [main] INFO  org.springframework.web.context.ContextLoader - Root WebApplicationContext: initialization completed in 1338 ms
2020-03-12 11:14:03.945 [main] INFO  com.alibaba.druid.pool.DruidDataSource - {dataSource-1} inited
2020-03-12 11:14:04.082 [main] INFO  org.hibernate.jpa.internal.util.LogHelper - HHH000204: Processing PersistenceUnitInfo [
	name: default
	...]
2020-03-12 11:14:04.134 [main] INFO  org.hibernate.Version - HHH000412: Hibernate Core {5.3.9.Final}
2020-03-12 11:14:04.135 [main] INFO  org.hibernate.cfg.Environment - HHH000206: hibernate.properties not found
2020-03-12 11:14:04.251 [main] INFO  org.hibernate.annotations.common.Version - HCANN000001: Hibernate Commons Annotations {5.0.4.Final}
2020-03-12 11:14:04.359 [main] INFO  org.hibernate.dialect.Dialect - HHH000400: Using dialect: org.hibernate.dialect.MySQL5Dialect
2020-03-12 11:14:04.850 [main] INFO  o.s.orm.jpa.LocalContainerEntityManagerFactoryBean - Initialized JPA EntityManagerFactory for persistence unit 'default'
2020-03-12 11:14:05.098 [main] INFO  o.h.hql.internal.QueryTranslatorFactoryInitiator - HHH000397: Using ASTQueryTranslatorFactory
2020-03-12 11:14:05.422 [main] INFO  o.s.scheduling.concurrent.ThreadPoolTaskExecutor - Initializing ExecutorService 'applicationTaskExecutor'
2020-03-12 11:14:05.450 [main] WARN  o.s.b.a.o.j.JpaBaseConfiguration$JpaWebConfiguration$JpaWebMvcConfiguration - spring.jpa.open-in-view is enabled by default. Therefore, database queries may be performed during view rendering. Explicitly configure spring.jpa.open-in-view to disable this warning
2020-03-12 11:14:05.544 [main] INFO  o.s.scheduling.concurrent.ThreadPoolTaskScheduler - Initializing ExecutorService 'taskScheduler'
2020-03-12 11:14:05.573 [main] INFO  org.apache.coyote.http11.Http11NioProtocol - Starting ProtocolHandler ["http-nio-8080"]
2020-03-12 11:14:05.581 [main] ERROR org.apache.catalina.util.LifecycleBase - Failed to start component [Connector[HTTP/1.1-8080]]
org.apache.catalina.LifecycleException: Protocol handler start failed
	at org.apache.catalina.connector.Connector.startInternal(Connector.java:1008)
	at org.apache.catalina.util.LifecycleBase.start(LifecycleBase.java:183)
	at org.apache.catalina.core.StandardService.addConnector(StandardService.java:226)
	at org.springframework.boot.web.embedded.tomcat.TomcatWebServer.addPreviouslyRemovedConnectors(TomcatWebServer.java:259)
	at org.springframework.boot.web.embedded.tomcat.TomcatWebServer.start(TomcatWebServer.java:197)
	at org.springframework.boot.web.servlet.context.ServletWebServerApplicationContext.startWebServer(ServletWebServerApplicationContext.java:311)
	at org.springframework.boot.web.servlet.context.ServletWebServerApplicationContext.finishRefresh(ServletWebServerApplicationContext.java:164)
	at org.springframework.context.support.AbstractApplicationContext.refresh(AbstractApplicationContext.java:552)
	at org.springframework.boot.web.servlet.context.ServletWebServerApplicationContext.refresh(ServletWebServerApplicationContext.java:142)
	at org.springframework.boot.SpringApplication.refresh(SpringApplication.java:775)
	at org.springframework.boot.SpringApplication.refreshContext(SpringApplication.java:397)
	at org.springframework.boot.SpringApplication.run(SpringApplication.java:316)
	at org.springframework.boot.SpringApplication.run(SpringApplication.java:1260)
	at org.springframework.boot.SpringApplication.run(SpringApplication.java:1248)
	at com.gaolei.crawler.CrawlerApplication.main(CrawlerApplication.java:16)
Caused by: java.net.BindException: Address already in use: bind
	at sun.nio.ch.Net.bind0(Native Method)
	at sun.nio.ch.Net.bind(Net.java:436)
	at sun.nio.ch.Net.bind(Net.java:428)
	at sun.nio.ch.ServerSocketChannelImpl.bind(ServerSocketChannelImpl.java:214)
	at sun.nio.ch.ServerSocketAdaptor.bind(ServerSocketAdaptor.java:74)
	at org.apache.tomcat.util.net.NioEndpoint.initServerSocket(NioEndpoint.java:236)
	at org.apache.tomcat.util.net.NioEndpoint.bind(NioEndpoint.java:210)
	at org.apache.tomcat.util.net.AbstractEndpoint.bindWithCleanup(AbstractEndpoint.java:1103)
	at org.apache.tomcat.util.net.AbstractEndpoint.start(AbstractEndpoint.java:1189)
	at org.apache.coyote.AbstractProtocol.start(AbstractProtocol.java:568)
	at org.apache.catalina.connector.Connector.startInternal(Connector.java:1005)
	... 14 common frames omitted
2020-03-12 11:14:05.585 [main] INFO  org.apache.coyote.http11.Http11NioProtocol - Pausing ProtocolHandler ["http-nio-8080"]
2020-03-12 11:14:05.586 [main] INFO  org.apache.catalina.core.StandardService - Stopping service [Tomcat]
2020-03-12 11:14:05.589 [main] INFO  org.apache.catalina.util.LifecycleBase - The stop() method was called on component [StandardServer[-1]] after stop() had already been called. The second call will be ignored.
2020-03-12 11:14:05.589 [main] INFO  org.apache.coyote.http11.Http11NioProtocol - Stopping ProtocolHandler ["http-nio-8080"]
2020-03-12 11:14:05.589 [main] INFO  org.apache.coyote.http11.Http11NioProtocol - Destroying ProtocolHandler ["http-nio-8080"]
2020-03-12 11:14:05.591 [main] INFO  o.s.b.a.l.ConditionEvaluationReportLoggingListener - 

Error starting ApplicationContext. To display the conditions report re-run your application with 'debug' enabled.
2020-03-12 11:14:05.594 [main] ERROR o.s.b.diagnostics.LoggingFailureAnalysisReporter - 

***************************
APPLICATION FAILED TO START
***************************

Description:

The Tomcat connector configured to listen on port 8080 failed to start. The port may already be in use or the connector may be misconfigured.

Action:

Verify the connector's configuration, identify and stop any process that's listening on port 8080, or configure this application to listen on another port.

2020-03-12 11:14:05.596 [main] INFO  o.s.scheduling.concurrent.ThreadPoolTaskScheduler - Shutting down ExecutorService 'taskScheduler'
2020-03-12 11:14:05.596 [main] INFO  o.s.scheduling.concurrent.ThreadPoolTaskExecutor - Shutting down ExecutorService 'applicationTaskExecutor'
2020-03-12 11:14:05.597 [main] INFO  o.s.orm.jpa.LocalContainerEntityManagerFactoryBean - Closing JPA EntityManagerFactory for persistence unit 'default'
2020-03-12 11:14:05.599 [main] INFO  com.alibaba.druid.pool.DruidDataSource - {dataSource-1} closed
2020-03-12 11:16:49.555 [main] INFO  com.gaolei.crawler.CrawlerApplication - Starting CrawlerApplication on GAOLEI-COMPUTER with PID 7176 (D:\Coding\JavaProgram\gaolei-epwho-crawler\target\classes started by 17631 in D:\Coding\JavaProgram\gaolei-epwho-crawler)
2020-03-12 11:16:49.558 [main] INFO  com.gaolei.crawler.CrawlerApplication - No active profile set, falling back to default profiles: default
2020-03-12 11:16:50.108 [main] INFO  o.s.d.r.config.RepositoryConfigurationDelegate - Bootstrapping Spring Data repositories in DEFAULT mode.
2020-03-12 11:16:50.181 [main] INFO  o.s.d.r.config.RepositoryConfigurationDelegate - Finished Spring Data repository scanning in 66ms. Found 5 repository interfaces.
2020-03-12 11:16:50.429 [main] INFO  o.s.c.s.PostProcessorRegistrationDelegate$BeanPostProcessorChecker - Bean 'org.springframework.transaction.annotation.ProxyTransactionManagementConfiguration' of type [org.springframework.transaction.annotation.ProxyTransactionManagementConfiguration$$EnhancerBySpringCGLIB$$a43e492c] is not eligible for getting processed by all BeanPostProcessors (for example: not eligible for auto-proxying)
2020-03-12 11:16:50.664 [main] INFO  o.s.boot.web.embedded.tomcat.TomcatWebServer - Tomcat initialized with port(s): 8080 (http)
2020-03-12 11:16:50.676 [main] INFO  org.apache.coyote.http11.Http11NioProtocol - Initializing ProtocolHandler ["http-nio-8080"]
2020-03-12 11:16:50.684 [main] INFO  org.apache.catalina.core.StandardService - Starting service [Tomcat]
2020-03-12 11:16:50.685 [main] INFO  org.apache.catalina.core.StandardEngine - Starting Servlet engine: [Apache Tomcat/9.0.17]
2020-03-12 11:16:50.772 [main] INFO  o.a.c.core.ContainerBase.[Tomcat].[localhost].[/] - Initializing Spring embedded WebApplicationContext
2020-03-12 11:16:50.773 [main] INFO  org.springframework.web.context.ContextLoader - Root WebApplicationContext: initialization completed in 1177 ms
2020-03-12 11:16:50.929 [main] INFO  com.alibaba.druid.pool.DruidDataSource - {dataSource-1} inited
2020-03-12 11:16:51.048 [main] INFO  org.hibernate.jpa.internal.util.LogHelper - HHH000204: Processing PersistenceUnitInfo [
	name: default
	...]
2020-03-12 11:16:51.086 [main] INFO  org.hibernate.Version - HHH000412: Hibernate Core {5.3.9.Final}
2020-03-12 11:16:51.087 [main] INFO  org.hibernate.cfg.Environment - HHH000206: hibernate.properties not found
2020-03-12 11:16:51.187 [main] INFO  org.hibernate.annotations.common.Version - HCANN000001: Hibernate Commons Annotations {5.0.4.Final}
2020-03-12 11:16:51.290 [main] INFO  org.hibernate.dialect.Dialect - HHH000400: Using dialect: org.hibernate.dialect.MySQL5Dialect
2020-03-12 11:16:51.725 [main] INFO  o.s.orm.jpa.LocalContainerEntityManagerFactoryBean - Initialized JPA EntityManagerFactory for persistence unit 'default'
2020-03-12 11:16:51.972 [main] INFO  o.h.hql.internal.QueryTranslatorFactoryInitiator - HHH000397: Using ASTQueryTranslatorFactory
2020-03-12 11:16:52.263 [main] INFO  o.s.scheduling.concurrent.ThreadPoolTaskExecutor - Initializing ExecutorService 'applicationTaskExecutor'
2020-03-12 11:16:52.287 [main] WARN  o.s.b.a.o.j.JpaBaseConfiguration$JpaWebConfiguration$JpaWebMvcConfiguration - spring.jpa.open-in-view is enabled by default. Therefore, database queries may be performed during view rendering. Explicitly configure spring.jpa.open-in-view to disable this warning
2020-03-12 11:16:52.388 [main] INFO  o.s.scheduling.concurrent.ThreadPoolTaskScheduler - Initializing ExecutorService 'taskScheduler'
2020-03-12 11:16:52.418 [main] INFO  org.apache.coyote.http11.Http11NioProtocol - Starting ProtocolHandler ["http-nio-8080"]
2020-03-12 11:16:52.427 [main] ERROR org.apache.catalina.util.LifecycleBase - Failed to start component [Connector[HTTP/1.1-8080]]
org.apache.catalina.LifecycleException: Protocol handler start failed
	at org.apache.catalina.connector.Connector.startInternal(Connector.java:1008)
	at org.apache.catalina.util.LifecycleBase.start(LifecycleBase.java:183)
	at org.apache.catalina.core.StandardService.addConnector(StandardService.java:226)
	at org.springframework.boot.web.embedded.tomcat.TomcatWebServer.addPreviouslyRemovedConnectors(TomcatWebServer.java:259)
	at org.springframework.boot.web.embedded.tomcat.TomcatWebServer.start(TomcatWebServer.java:197)
	at org.springframework.boot.web.servlet.context.ServletWebServerApplicationContext.startWebServer(ServletWebServerApplicationContext.java:311)
	at org.springframework.boot.web.servlet.context.ServletWebServerApplicationContext.finishRefresh(ServletWebServerApplicationContext.java:164)
	at org.springframework.context.support.AbstractApplicationContext.refresh(AbstractApplicationContext.java:552)
	at org.springframework.boot.web.servlet.context.ServletWebServerApplicationContext.refresh(ServletWebServerApplicationContext.java:142)
	at org.springframework.boot.SpringApplication.refresh(SpringApplication.java:775)
	at org.springframework.boot.SpringApplication.refreshContext(SpringApplication.java:397)
	at org.springframework.boot.SpringApplication.run(SpringApplication.java:316)
	at org.springframework.boot.SpringApplication.run(SpringApplication.java:1260)
	at org.springframework.boot.SpringApplication.run(SpringApplication.java:1248)
	at com.gaolei.crawler.CrawlerApplication.main(CrawlerApplication.java:16)
Caused by: java.net.BindException: Address already in use: bind
	at sun.nio.ch.Net.bind0(Native Method)
	at sun.nio.ch.Net.bind(Net.java:436)
	at sun.nio.ch.Net.bind(Net.java:428)
	at sun.nio.ch.ServerSocketChannelImpl.bind(ServerSocketChannelImpl.java:214)
	at sun.nio.ch.ServerSocketAdaptor.bind(ServerSocketAdaptor.java:74)
	at org.apache.tomcat.util.net.NioEndpoint.initServerSocket(NioEndpoint.java:236)
	at org.apache.tomcat.util.net.NioEndpoint.bind(NioEndpoint.java:210)
	at org.apache.tomcat.util.net.AbstractEndpoint.bindWithCleanup(AbstractEndpoint.java:1103)
	at org.apache.tomcat.util.net.AbstractEndpoint.start(AbstractEndpoint.java:1189)
	at org.apache.coyote.AbstractProtocol.start(AbstractProtocol.java:568)
	at org.apache.catalina.connector.Connector.startInternal(Connector.java:1005)
	... 14 common frames omitted
2020-03-12 11:16:52.431 [main] INFO  org.apache.coyote.http11.Http11NioProtocol - Pausing ProtocolHandler ["http-nio-8080"]
2020-03-12 11:16:52.431 [main] INFO  org.apache.catalina.core.StandardService - Stopping service [Tomcat]
2020-03-12 11:16:52.433 [main] INFO  org.apache.catalina.util.LifecycleBase - The stop() method was called on component [StandardServer[-1]] after stop() had already been called. The second call will be ignored.
2020-03-12 11:16:52.433 [main] INFO  org.apache.coyote.http11.Http11NioProtocol - Stopping ProtocolHandler ["http-nio-8080"]
2020-03-12 11:16:52.433 [main] INFO  org.apache.coyote.http11.Http11NioProtocol - Destroying ProtocolHandler ["http-nio-8080"]
2020-03-12 11:16:52.435 [main] INFO  o.s.b.a.l.ConditionEvaluationReportLoggingListener - 

Error starting ApplicationContext. To display the conditions report re-run your application with 'debug' enabled.
2020-03-12 11:16:52.438 [main] ERROR o.s.b.diagnostics.LoggingFailureAnalysisReporter - 

***************************
APPLICATION FAILED TO START
***************************

Description:

The Tomcat connector configured to listen on port 8080 failed to start. The port may already be in use or the connector may be misconfigured.

Action:

Verify the connector's configuration, identify and stop any process that's listening on port 8080, or configure this application to listen on another port.

2020-03-12 11:16:52.440 [main] INFO  o.s.scheduling.concurrent.ThreadPoolTaskScheduler - Shutting down ExecutorService 'taskScheduler'
2020-03-12 11:16:52.440 [main] INFO  o.s.scheduling.concurrent.ThreadPoolTaskExecutor - Shutting down ExecutorService 'applicationTaskExecutor'
2020-03-12 11:16:52.442 [main] INFO  o.s.orm.jpa.LocalContainerEntityManagerFactoryBean - Closing JPA EntityManagerFactory for persistence unit 'default'
2020-03-12 11:16:52.444 [main] INFO  com.alibaba.druid.pool.DruidDataSource - {dataSource-1} closed
2020-03-12 11:26:26.729 [main] INFO  com.gaolei.crawler.CrawlerApplication - Starting CrawlerApplication on GAOLEI-COMPUTER with PID 15912 (D:\Coding\JavaProgram\gaolei-epwho-crawler\target\classes started by 17631 in D:\Coding\JavaProgram\gaolei-epwho-crawler)
2020-03-12 11:26:26.731 [main] INFO  com.gaolei.crawler.CrawlerApplication - No active profile set, falling back to default profiles: default
2020-03-12 11:26:27.245 [main] INFO  o.s.d.r.config.RepositoryConfigurationDelegate - Bootstrapping Spring Data repositories in DEFAULT mode.
2020-03-12 11:26:27.320 [main] INFO  o.s.d.r.config.RepositoryConfigurationDelegate - Finished Spring Data repository scanning in 67ms. Found 5 repository interfaces.
2020-03-12 11:26:27.605 [main] INFO  o.s.c.s.PostProcessorRegistrationDelegate$BeanPostProcessorChecker - Bean 'org.springframework.transaction.annotation.ProxyTransactionManagementConfiguration' of type [org.springframework.transaction.annotation.ProxyTransactionManagementConfiguration$$EnhancerBySpringCGLIB$$b2f5bd50] is not eligible for getting processed by all BeanPostProcessors (for example: not eligible for auto-proxying)
2020-03-12 11:26:27.843 [main] INFO  o.s.boot.web.embedded.tomcat.TomcatWebServer - Tomcat initialized with port(s): 8080 (http)
2020-03-12 11:26:27.852 [main] INFO  org.apache.coyote.http11.Http11NioProtocol - Initializing ProtocolHandler ["http-nio-8080"]
2020-03-12 11:26:27.858 [main] INFO  org.apache.catalina.core.StandardService - Starting service [Tomcat]
2020-03-12 11:26:27.858 [main] INFO  org.apache.catalina.core.StandardEngine - Starting Servlet engine: [Apache Tomcat/9.0.17]
2020-03-12 11:26:27.947 [main] INFO  o.a.c.core.ContainerBase.[Tomcat].[localhost].[/] - Initializing Spring embedded WebApplicationContext
2020-03-12 11:26:27.947 [main] INFO  org.springframework.web.context.ContextLoader - Root WebApplicationContext: initialization completed in 1183 ms
2020-03-12 11:26:28.106 [main] INFO  com.alibaba.druid.pool.DruidDataSource - {dataSource-1} inited
2020-03-12 11:26:28.238 [main] INFO  org.hibernate.jpa.internal.util.LogHelper - HHH000204: Processing PersistenceUnitInfo [
	name: default
	...]
2020-03-12 11:26:28.280 [main] INFO  org.hibernate.Version - HHH000412: Hibernate Core {5.3.9.Final}
2020-03-12 11:26:28.281 [main] INFO  org.hibernate.cfg.Environment - HHH000206: hibernate.properties not found
2020-03-12 11:26:28.373 [main] INFO  org.hibernate.annotations.common.Version - HCANN000001: Hibernate Commons Annotations {5.0.4.Final}
2020-03-12 11:26:28.469 [main] INFO  org.hibernate.dialect.Dialect - HHH000400: Using dialect: org.hibernate.dialect.MySQL5Dialect
2020-03-12 11:26:29.035 [main] INFO  o.s.orm.jpa.LocalContainerEntityManagerFactoryBean - Initialized JPA EntityManagerFactory for persistence unit 'default'
2020-03-12 11:26:29.356 [main] INFO  o.h.hql.internal.QueryTranslatorFactoryInitiator - HHH000397: Using ASTQueryTranslatorFactory
2020-03-12 11:26:29.669 [main] INFO  o.s.scheduling.concurrent.ThreadPoolTaskExecutor - Initializing ExecutorService 'applicationTaskExecutor'
2020-03-12 11:26:29.693 [main] WARN  o.s.b.a.o.j.JpaBaseConfiguration$JpaWebConfiguration$JpaWebMvcConfiguration - spring.jpa.open-in-view is enabled by default. Therefore, database queries may be performed during view rendering. Explicitly configure spring.jpa.open-in-view to disable this warning
2020-03-12 11:26:29.800 [main] INFO  o.s.scheduling.concurrent.ThreadPoolTaskScheduler - Initializing ExecutorService 'taskScheduler'
2020-03-12 11:26:29.832 [main] INFO  org.apache.coyote.http11.Http11NioProtocol - Starting ProtocolHandler ["http-nio-8080"]
2020-03-12 11:26:29.850 [main] INFO  o.s.boot.web.embedded.tomcat.TomcatWebServer - Tomcat started on port(s): 8080 (http) with context path ''
2020-03-12 11:26:29.851 [main] INFO  com.gaolei.crawler.CrawlerApplication - Started CrawlerApplication in 3.36 seconds (JVM running for 4.305)
2020-03-12 11:26:30.853 [scheduling-1] INFO  us.codecraft.webmagic.Spider - Spider www.hbzhan.com started!
2020-03-12 11:26:31.679 [pool-1-thread-1] INFO  u.c.webmagic.downloader.HttpClientDownloader - downloading page success http://www.hbzhan.com/product/newtype.html
2020-03-12 11:26:32.653 [scheduling-1] INFO  us.codecraft.webmagic.Spider - Spider www.hbzhan.com closed! 1 pages downloaded.
2020-03-12 11:37:36.460 [main] INFO  com.gaolei.crawler.CrawlerApplication - Starting CrawlerApplication on GAOLEI-COMPUTER with PID 2376 (D:\Coding\JavaProgram\gaolei-epwho-crawler\target\classes started by 17631 in D:\Coding\JavaProgram\gaolei-epwho-crawler)
2020-03-12 11:37:36.462 [main] INFO  com.gaolei.crawler.CrawlerApplication - No active profile set, falling back to default profiles: default
2020-03-12 11:37:36.997 [main] INFO  o.s.d.r.config.RepositoryConfigurationDelegate - Bootstrapping Spring Data repositories in DEFAULT mode.
2020-03-12 11:37:37.070 [main] INFO  o.s.d.r.config.RepositoryConfigurationDelegate - Finished Spring Data repository scanning in 66ms. Found 5 repository interfaces.
2020-03-12 11:37:37.336 [main] INFO  o.s.c.s.PostProcessorRegistrationDelegate$BeanPostProcessorChecker - Bean 'org.springframework.transaction.annotation.ProxyTransactionManagementConfiguration' of type [org.springframework.transaction.annotation.ProxyTransactionManagementConfiguration$$EnhancerBySpringCGLIB$$2994bde2] is not eligible for getting processed by all BeanPostProcessors (for example: not eligible for auto-proxying)
2020-03-12 11:37:37.592 [main] INFO  o.s.boot.web.embedded.tomcat.TomcatWebServer - Tomcat initialized with port(s): 8080 (http)
2020-03-12 11:37:37.602 [main] INFO  org.apache.coyote.http11.Http11NioProtocol - Initializing ProtocolHandler ["http-nio-8080"]
2020-03-12 11:37:37.608 [main] INFO  org.apache.catalina.core.StandardService - Starting service [Tomcat]
2020-03-12 11:37:37.608 [main] INFO  org.apache.catalina.core.StandardEngine - Starting Servlet engine: [Apache Tomcat/9.0.17]
2020-03-12 11:37:37.706 [main] INFO  o.a.c.core.ContainerBase.[Tomcat].[localhost].[/] - Initializing Spring embedded WebApplicationContext
2020-03-12 11:37:37.706 [main] INFO  org.springframework.web.context.ContextLoader - Root WebApplicationContext: initialization completed in 1208 ms
2020-03-12 11:37:37.861 [main] INFO  com.alibaba.druid.pool.DruidDataSource - {dataSource-1} inited
2020-03-12 11:37:37.984 [main] INFO  org.hibernate.jpa.internal.util.LogHelper - HHH000204: Processing PersistenceUnitInfo [
	name: default
	...]
2020-03-12 11:37:38.023 [main] INFO  org.hibernate.Version - HHH000412: Hibernate Core {5.3.9.Final}
2020-03-12 11:37:38.024 [main] INFO  org.hibernate.cfg.Environment - HHH000206: hibernate.properties not found
2020-03-12 11:37:38.108 [main] INFO  org.hibernate.annotations.common.Version - HCANN000001: Hibernate Commons Annotations {5.0.4.Final}
2020-03-12 11:37:38.195 [main] INFO  org.hibernate.dialect.Dialect - HHH000400: Using dialect: org.hibernate.dialect.MySQL5Dialect
2020-03-12 11:37:38.641 [main] INFO  o.s.orm.jpa.LocalContainerEntityManagerFactoryBean - Initialized JPA EntityManagerFactory for persistence unit 'default'
2020-03-12 11:37:38.880 [main] INFO  o.h.hql.internal.QueryTranslatorFactoryInitiator - HHH000397: Using ASTQueryTranslatorFactory
2020-03-12 11:37:39.156 [main] INFO  o.s.scheduling.concurrent.ThreadPoolTaskExecutor - Initializing ExecutorService 'applicationTaskExecutor'
2020-03-12 11:37:39.187 [main] WARN  o.s.b.a.o.j.JpaBaseConfiguration$JpaWebConfiguration$JpaWebMvcConfiguration - spring.jpa.open-in-view is enabled by default. Therefore, database queries may be performed during view rendering. Explicitly configure spring.jpa.open-in-view to disable this warning
2020-03-12 11:37:39.272 [main] INFO  o.s.scheduling.concurrent.ThreadPoolTaskScheduler - Initializing ExecutorService 'taskScheduler'
2020-03-12 11:37:39.301 [main] INFO  org.apache.coyote.http11.Http11NioProtocol - Starting ProtocolHandler ["http-nio-8080"]
2020-03-12 11:37:39.318 [main] INFO  o.s.boot.web.embedded.tomcat.TomcatWebServer - Tomcat started on port(s): 8080 (http) with context path ''
2020-03-12 11:37:39.320 [main] INFO  com.gaolei.crawler.CrawlerApplication - Started CrawlerApplication in 3.109 seconds (JVM running for 3.987)
2020-03-12 11:37:40.325 [scheduling-1] INFO  us.codecraft.webmagic.Spider - Spider www.hbzhan.com started!
2020-03-12 11:37:41.122 [pool-1-thread-1] INFO  u.c.webmagic.downloader.HttpClientDownloader - downloading page success http://www.hbzhan.com/product/newtype.html
2020-03-12 11:38:01.109 [scheduling-1] INFO  us.codecraft.webmagic.Spider - Spider www.hbzhan.com closed! 1 pages downloaded.
2020-03-12 11:40:51.672 [main] INFO  com.gaolei.crawler.CrawlerApplication - Starting CrawlerApplication on GAOLEI-COMPUTER with PID 11196 (D:\Coding\JavaProgram\gaolei-epwho-crawler\target\classes started by 17631 in D:\Coding\JavaProgram\gaolei-epwho-crawler)
2020-03-12 11:40:51.674 [main] INFO  com.gaolei.crawler.CrawlerApplication - No active profile set, falling back to default profiles: default
2020-03-12 11:40:52.152 [main] INFO  o.s.d.r.config.RepositoryConfigurationDelegate - Bootstrapping Spring Data repositories in DEFAULT mode.
2020-03-12 11:40:52.215 [main] INFO  o.s.d.r.config.RepositoryConfigurationDelegate - Finished Spring Data repository scanning in 57ms. Found 5 repository interfaces.
2020-03-12 11:40:52.439 [main] INFO  o.s.c.s.PostProcessorRegistrationDelegate$BeanPostProcessorChecker - Bean 'org.springframework.transaction.annotation.ProxyTransactionManagementConfiguration' of type [org.springframework.transaction.annotation.ProxyTransactionManagementConfiguration$$EnhancerBySpringCGLIB$$b10807de] is not eligible for getting processed by all BeanPostProcessors (for example: not eligible for auto-proxying)
2020-03-12 11:40:52.633 [main] INFO  o.s.boot.web.embedded.tomcat.TomcatWebServer - Tomcat initialized with port(s): 8080 (http)
2020-03-12 11:40:52.643 [main] INFO  org.apache.coyote.http11.Http11NioProtocol - Initializing ProtocolHandler ["http-nio-8080"]
2020-03-12 11:40:52.650 [main] INFO  org.apache.catalina.core.StandardService - Starting service [Tomcat]
2020-03-12 11:40:52.650 [main] INFO  org.apache.catalina.core.StandardEngine - Starting Servlet engine: [Apache Tomcat/9.0.17]
2020-03-12 11:40:52.736 [main] INFO  o.a.c.core.ContainerBase.[Tomcat].[localhost].[/] - Initializing Spring embedded WebApplicationContext
2020-03-12 11:40:52.736 [main] INFO  org.springframework.web.context.ContextLoader - Root WebApplicationContext: initialization completed in 1038 ms
2020-03-12 11:40:52.898 [main] INFO  com.alibaba.druid.pool.DruidDataSource - {dataSource-1} inited
2020-03-12 11:40:53.023 [main] INFO  org.hibernate.jpa.internal.util.LogHelper - HHH000204: Processing PersistenceUnitInfo [
	name: default
	...]
2020-03-12 11:40:53.061 [main] INFO  org.hibernate.Version - HHH000412: Hibernate Core {5.3.9.Final}
2020-03-12 11:40:53.062 [main] INFO  org.hibernate.cfg.Environment - HHH000206: hibernate.properties not found
2020-03-12 11:40:53.146 [main] INFO  org.hibernate.annotations.common.Version - HCANN000001: Hibernate Commons Annotations {5.0.4.Final}
2020-03-12 11:40:53.239 [main] INFO  org.hibernate.dialect.Dialect - HHH000400: Using dialect: org.hibernate.dialect.MySQL5Dialect
2020-03-12 11:40:53.703 [main] INFO  o.s.orm.jpa.LocalContainerEntityManagerFactoryBean - Initialized JPA EntityManagerFactory for persistence unit 'default'
2020-03-12 11:40:53.992 [main] INFO  o.h.hql.internal.QueryTranslatorFactoryInitiator - HHH000397: Using ASTQueryTranslatorFactory
2020-03-12 11:40:54.336 [main] INFO  o.s.scheduling.concurrent.ThreadPoolTaskExecutor - Initializing ExecutorService 'applicationTaskExecutor'
2020-03-12 11:40:54.363 [main] WARN  o.s.b.a.o.j.JpaBaseConfiguration$JpaWebConfiguration$JpaWebMvcConfiguration - spring.jpa.open-in-view is enabled by default. Therefore, database queries may be performed during view rendering. Explicitly configure spring.jpa.open-in-view to disable this warning
2020-03-12 11:40:54.478 [main] INFO  o.s.scheduling.concurrent.ThreadPoolTaskScheduler - Initializing ExecutorService 'taskScheduler'
2020-03-12 11:40:54.514 [main] INFO  org.apache.coyote.http11.Http11NioProtocol - Starting ProtocolHandler ["http-nio-8080"]
2020-03-12 11:40:54.532 [main] INFO  o.s.boot.web.embedded.tomcat.TomcatWebServer - Tomcat started on port(s): 8080 (http) with context path ''
2020-03-12 11:40:54.534 [main] INFO  com.gaolei.crawler.CrawlerApplication - Started CrawlerApplication in 3.56 seconds (JVM running for 4.411)
2020-03-12 11:40:55.529 [scheduling-1] INFO  us.codecraft.webmagic.Spider - Spider www.hbzhan.com started!
2020-03-12 11:40:56.342 [pool-1-thread-1] INFO  u.c.webmagic.downloader.HttpClientDownloader - downloading page success http://www.hbzhan.com/product/newtype.html
2020-03-12 11:44:55.832 [main] INFO  com.gaolei.crawler.CrawlerApplication - Starting CrawlerApplication on GAOLEI-COMPUTER with PID 9840 (D:\Coding\JavaProgram\gaolei-epwho-crawler\target\classes started by 17631 in D:\Coding\JavaProgram\gaolei-epwho-crawler)
2020-03-12 11:44:55.835 [main] INFO  com.gaolei.crawler.CrawlerApplication - No active profile set, falling back to default profiles: default
2020-03-12 11:44:56.346 [main] INFO  o.s.d.r.config.RepositoryConfigurationDelegate - Bootstrapping Spring Data repositories in DEFAULT mode.
2020-03-12 11:44:56.412 [main] INFO  o.s.d.r.config.RepositoryConfigurationDelegate - Finished Spring Data repository scanning in 60ms. Found 5 repository interfaces.
2020-03-12 11:44:56.669 [main] INFO  o.s.c.s.PostProcessorRegistrationDelegate$BeanPostProcessorChecker - Bean 'org.springframework.transaction.annotation.ProxyTransactionManagementConfiguration' of type [org.springframework.transaction.annotation.ProxyTransactionManagementConfiguration$$EnhancerBySpringCGLIB$$8e3acd0b] is not eligible for getting processed by all BeanPostProcessors (for example: not eligible for auto-proxying)
2020-03-12 11:44:56.880 [main] INFO  o.s.boot.web.embedded.tomcat.TomcatWebServer - Tomcat initialized with port(s): 8080 (http)
2020-03-12 11:44:56.889 [main] INFO  org.apache.coyote.http11.Http11NioProtocol - Initializing ProtocolHandler ["http-nio-8080"]
2020-03-12 11:44:56.896 [main] INFO  org.apache.catalina.core.StandardService - Starting service [Tomcat]
2020-03-12 11:44:56.896 [main] INFO  org.apache.catalina.core.StandardEngine - Starting Servlet engine: [Apache Tomcat/9.0.17]
2020-03-12 11:44:56.981 [main] INFO  o.a.c.core.ContainerBase.[Tomcat].[localhost].[/] - Initializing Spring embedded WebApplicationContext
2020-03-12 11:44:56.981 [main] INFO  org.springframework.web.context.ContextLoader - Root WebApplicationContext: initialization completed in 1109 ms
2020-03-12 11:44:57.130 [main] INFO  com.alibaba.druid.pool.DruidDataSource - {dataSource-1} inited
2020-03-12 11:44:57.251 [main] INFO  org.hibernate.jpa.internal.util.LogHelper - HHH000204: Processing PersistenceUnitInfo [
	name: default
	...]
2020-03-12 11:44:57.288 [main] INFO  org.hibernate.Version - HHH000412: Hibernate Core {5.3.9.Final}
2020-03-12 11:44:57.289 [main] INFO  org.hibernate.cfg.Environment - HHH000206: hibernate.properties not found
2020-03-12 11:44:57.368 [main] INFO  org.hibernate.annotations.common.Version - HCANN000001: Hibernate Commons Annotations {5.0.4.Final}
2020-03-12 11:44:57.456 [main] INFO  org.hibernate.dialect.Dialect - HHH000400: Using dialect: org.hibernate.dialect.MySQL5Dialect
2020-03-12 11:44:57.888 [main] INFO  o.s.orm.jpa.LocalContainerEntityManagerFactoryBean - Initialized JPA EntityManagerFactory for persistence unit 'default'
2020-03-12 11:44:58.149 [main] INFO  o.h.hql.internal.QueryTranslatorFactoryInitiator - HHH000397: Using ASTQueryTranslatorFactory
2020-03-12 11:44:58.422 [main] INFO  o.s.scheduling.concurrent.ThreadPoolTaskExecutor - Initializing ExecutorService 'applicationTaskExecutor'
2020-03-12 11:44:58.444 [main] WARN  o.s.b.a.o.j.JpaBaseConfiguration$JpaWebConfiguration$JpaWebMvcConfiguration - spring.jpa.open-in-view is enabled by default. Therefore, database queries may be performed during view rendering. Explicitly configure spring.jpa.open-in-view to disable this warning
2020-03-12 11:44:58.524 [main] INFO  o.s.scheduling.concurrent.ThreadPoolTaskScheduler - Initializing ExecutorService 'taskScheduler'
2020-03-12 11:44:58.562 [main] INFO  org.apache.coyote.http11.Http11NioProtocol - Starting ProtocolHandler ["http-nio-8080"]
2020-03-12 11:44:58.578 [main] INFO  o.s.boot.web.embedded.tomcat.TomcatWebServer - Tomcat started on port(s): 8080 (http) with context path ''
2020-03-12 11:44:58.580 [main] INFO  com.gaolei.crawler.CrawlerApplication - Started CrawlerApplication in 2.988 seconds (JVM running for 3.815)
2020-03-12 11:44:59.576 [scheduling-1] INFO  us.codecraft.webmagic.Spider - Spider www.hbzhan.com started!
2020-03-12 11:45:00.035 [pool-1-thread-1] INFO  u.c.webmagic.downloader.HttpClientDownloader - downloading page success http://www.hbzhan.com/product/newtype.html
2020-03-12 11:46:04.046 [main] INFO  com.gaolei.crawler.CrawlerApplication - Starting CrawlerApplication on GAOLEI-COMPUTER with PID 9056 (D:\Coding\JavaProgram\gaolei-epwho-crawler\target\classes started by 17631 in D:\Coding\JavaProgram\gaolei-epwho-crawler)
2020-03-12 11:46:04.048 [main] INFO  com.gaolei.crawler.CrawlerApplication - No active profile set, falling back to default profiles: default
2020-03-12 11:46:04.561 [main] INFO  o.s.d.r.config.RepositoryConfigurationDelegate - Bootstrapping Spring Data repositories in DEFAULT mode.
2020-03-12 11:46:04.630 [main] INFO  o.s.d.r.config.RepositoryConfigurationDelegate - Finished Spring Data repository scanning in 62ms. Found 5 repository interfaces.
2020-03-12 11:46:04.894 [main] INFO  o.s.c.s.PostProcessorRegistrationDelegate$BeanPostProcessorChecker - Bean 'org.springframework.transaction.annotation.ProxyTransactionManagementConfiguration' of type [org.springframework.transaction.annotation.ProxyTransactionManagementConfiguration$$EnhancerBySpringCGLIB$$efc0eca6] is not eligible for getting processed by all BeanPostProcessors (for example: not eligible for auto-proxying)
2020-03-12 11:46:05.102 [main] INFO  o.s.boot.web.embedded.tomcat.TomcatWebServer - Tomcat initialized with port(s): 8080 (http)
2020-03-12 11:46:05.111 [main] INFO  org.apache.coyote.http11.Http11NioProtocol - Initializing ProtocolHandler ["http-nio-8080"]
2020-03-12 11:46:05.117 [main] INFO  org.apache.catalina.core.StandardService - Starting service [Tomcat]
2020-03-12 11:46:05.117 [main] INFO  org.apache.catalina.core.StandardEngine - Starting Servlet engine: [Apache Tomcat/9.0.17]
2020-03-12 11:46:05.203 [main] INFO  o.a.c.core.ContainerBase.[Tomcat].[localhost].[/] - Initializing Spring embedded WebApplicationContext
2020-03-12 11:46:05.203 [main] INFO  org.springframework.web.context.ContextLoader - Root WebApplicationContext: initialization completed in 1120 ms
2020-03-12 11:46:05.351 [main] INFO  com.alibaba.druid.pool.DruidDataSource - {dataSource-1} inited
2020-03-12 11:46:05.490 [main] INFO  org.hibernate.jpa.internal.util.LogHelper - HHH000204: Processing PersistenceUnitInfo [
	name: default
	...]
2020-03-12 11:46:05.532 [main] INFO  org.hibernate.Version - HHH000412: Hibernate Core {5.3.9.Final}
2020-03-12 11:46:05.533 [main] INFO  org.hibernate.cfg.Environment - HHH000206: hibernate.properties not found
2020-03-12 11:46:05.620 [main] INFO  org.hibernate.annotations.common.Version - HCANN000001: Hibernate Commons Annotations {5.0.4.Final}
2020-03-12 11:46:05.710 [main] INFO  org.hibernate.dialect.Dialect - HHH000400: Using dialect: org.hibernate.dialect.MySQL5Dialect
2020-03-12 11:46:06.153 [main] INFO  o.s.orm.jpa.LocalContainerEntityManagerFactoryBean - Initialized JPA EntityManagerFactory for persistence unit 'default'
2020-03-12 11:46:06.421 [main] INFO  o.h.hql.internal.QueryTranslatorFactoryInitiator - HHH000397: Using ASTQueryTranslatorFactory
2020-03-12 11:46:06.695 [main] INFO  o.s.scheduling.concurrent.ThreadPoolTaskExecutor - Initializing ExecutorService 'applicationTaskExecutor'
2020-03-12 11:46:06.717 [main] WARN  o.s.b.a.o.j.JpaBaseConfiguration$JpaWebConfiguration$JpaWebMvcConfiguration - spring.jpa.open-in-view is enabled by default. Therefore, database queries may be performed during view rendering. Explicitly configure spring.jpa.open-in-view to disable this warning
2020-03-12 11:46:06.796 [main] INFO  o.s.scheduling.concurrent.ThreadPoolTaskScheduler - Initializing ExecutorService 'taskScheduler'
2020-03-12 11:46:06.824 [main] INFO  org.apache.coyote.http11.Http11NioProtocol - Starting ProtocolHandler ["http-nio-8080"]
2020-03-12 11:46:06.840 [main] INFO  o.s.boot.web.embedded.tomcat.TomcatWebServer - Tomcat started on port(s): 8080 (http) with context path ''
2020-03-12 11:46:06.841 [main] INFO  com.gaolei.crawler.CrawlerApplication - Started CrawlerApplication in 3.051 seconds (JVM running for 3.912)
2020-03-12 11:46:07.839 [scheduling-1] INFO  us.codecraft.webmagic.Spider - Spider www.hbzhan.com started!
2020-03-12 11:46:08.710 [pool-1-thread-1] INFO  u.c.webmagic.downloader.HttpClientDownloader - downloading page success http://www.hbzhan.com/product/newtype.html
2020-03-12 11:46:27.738 [scheduling-1] INFO  us.codecraft.webmagic.Spider - Spider www.hbzhan.com closed! 1 pages downloaded.
